<?xml version="1.0" encoding="UTF-8"?>
<testsuite xmlns:xsi="http://www.w3.org/2001/XMLSchema-instance" xsi:noNamespaceSchemaLocation="https://maven.apache.org/surefire/maven-surefire-plugin/xsd/surefire-test-report.xsd" version="3.0.2" name="fr.m2i.docker_with_database.DockerWithDatabaseApplicationTests" time="4.405" tests="1" errors="0" skipped="0" failures="0">
  <properties>
[...]
</properties>
  <testcase name="contextLoads" classname="fr.m2i.docker_with_database.DockerWithDatabaseApplicationTests" time="0.357">
    <system-out><![CDATA[10:05:55.456 [main] INFO org.springframework.test.context.support.AnnotationConfigContextLoaderUtils -- Could not detect default configuration classes for test class [fr.m2i.docker_with_database.DockerWithDatabaseApplicationTests]: DockerWithDatabaseApplicationTests does not declare any static, non-private, non-final, nested classes annotated with @Configuration.
10:05:55.555 [main] INFO org.springframework.boot.test.context.SpringBootTestContextBootstrapper -- Found @SpringBootConfiguration fr.m2i.docker_with_database.DockerWithDatabaseApplication for test class fr.m2i.docker_with_database.DockerWithDatabaseApplicationTests
10:05:55.692 [main] INFO org.springframework.boot.devtools.restart.RestartApplicationListener -- Restart disabled due to context in which it is running

  .   ____          _            __ _ _
 /\\ / ___'_ __ _ _(_)_ __  __ _ \ \ \ \
( ( )\___ | '_ | '_| | '_ \/ _` | \ \ \ \
 \\/  ___)| |_)| | | | | || (_| |  ) ) ) )
  '  |____| .__|_| |_|_| |_\__, | / / / /
 =========|_|==============|___/=/_/_/_/

 :: Spring Boot ::                (v3.4.4)

2025-03-27T10:05:55.928+01:00  INFO 22764 --- [docker-with-database] [           main] f.m.d.DockerWithDatabaseApplicationTests : Starting DockerWithDatabaseApplicationTests using Java 23 with PID 22764 (started by clara in C:\Users\clara\OneDrive\Bureau\POEI JAVA\POEI-Java\Java\Spring\docker-with-database)
2025-03-27T10:05:55.929+01:00  INFO 22764 --- [docker-with-database] [           main] f.m.d.DockerWithDatabaseApplicationTests : No active profile set, falling back to 1 default profile: "default"
2025-03-27T10:05:56.464+01:00  INFO 22764 --- [docker-with-database] [           main] .s.d.r.c.RepositoryConfigurationDelegate : Bootstrapping Spring Data JPA repositories in DEFAULT mode.
2025-03-27T10:05:56.515+01:00  INFO 22764 --- [docker-with-database] [           main] .s.d.r.c.RepositoryConfigurationDelegate : Finished Spring Data repository scanning in 41 ms. Found 1 JPA repository interface.
2025-03-27T10:05:56.902+01:00  INFO 22764 --- [docker-with-database] [           main] o.hibernate.jpa.internal.util.LogHelper  : HHH000204: Processing PersistenceUnitInfo [name: default]
2025-03-27T10:05:56.947+01:00  INFO 22764 --- [docker-with-database] [           main] org.hibernate.Version                    : HHH000412: Hibernate ORM core version 6.6.11.Final
2025-03-27T10:05:56.976+01:00  INFO 22764 --- [docker-with-database] [           main] o.h.c.internal.RegionFactoryInitiator    : HHH000026: Second-level cache disabled
2025-03-27T10:05:57.250+01:00  INFO 22764 --- [docker-with-database] [           main] o.s.o.j.p.SpringPersistenceUnitInfo      : No LoadTimeWeaver setup: ignoring JPA class transformer
2025-03-27T10:05:57.308+01:00  INFO 22764 --- [docker-with-database] [           main] com.zaxxer.hikari.HikariDataSource       : HikariPool-1 - Starting...
2025-03-27T10:05:57.561+01:00  INFO 22764 --- [docker-with-database] [           main] com.zaxxer.hikari.pool.HikariPool        : HikariPool-1 - Added connection ConnectionID:1 ClientConnectionId: a448d4dc-c38e-4d27-8773-2193a633203b
2025-03-27T10:05:57.563+01:00  INFO 22764 --- [docker-with-database] [           main] com.zaxxer.hikari.HikariDataSource       : HikariPool-1 - Start completed.
2025-03-27T10:05:57.653+01:00  INFO 22764 --- [docker-with-database] [           main] org.hibernate.orm.connections.pooling    : HHH10001005: Database info:
	Database JDBC URL [Connecting through datasource 'HikariDataSource (HikariPool-1)']
	Database driver: undefined/unknown
	Database version: 16.0
	Autocommit mode: undefined/unknown
	Isolation level: undefined/unknown
	Minimum pool size: undefined/unknown
	Maximum pool size: undefined/unknown
2025-03-27T10:05:58.229+01:00  INFO 22764 --- [docker-with-database] [           main] o.h.e.t.j.p.i.JtaPlatformInitiator       : HHH000489: No JTA platform available (set 'hibernate.transaction.jta.platform' to enable JTA platform integration)
Hibernate: create table patisseries (id int identity not null, nom varchar(255), prix float(24), saveur varchar(255), primary key (id))
2025-03-27T10:05:58.533+01:00  INFO 22764 --- [docker-with-database] [           main] j.LocalContainerEntityManagerFactoryBean : Initialized JPA EntityManagerFactory for persistence unit 'default'
2025-03-27T10:05:58.963+01:00  WARN 22764 --- [docker-with-database] [           main] JpaBaseConfiguration$JpaWebConfiguration : spring.jpa.open-in-view is enabled by default. Therefore, database queries may be performed during view rendering. Explicitly configure spring.jpa.open-in-view to disable this warning
2025-03-27T10:05:59.373+01:00  INFO 22764 --- [docker-with-database] [           main] f.m.d.DockerWithDatabaseApplicationTests : Started DockerWithDatabaseApplicationTests in 3.695 seconds (process running for 4.451)
]]></system-out>
    <system-err><![CDATA[Mockito is currently self-attaching to enable the inline-mock-maker. This will no longer work in future releases of the JDK. Please add Mockito as an agent to your build what is described in Mockito's documentation: https://javadoc.io/doc/org.mockito/mockito-core/latest/org/mockito/Mockito.html#0.3
WARNING: A Java agent has been loaded dynamically (C:\Users\clara\.m2\repository\net\bytebuddy\byte-buddy-agent\1.15.11\byte-buddy-agent-1.15.11.jar)
WARNING: If a serviceability tool is in use, please run with -XX:+EnableDynamicAgentLoading to hide this warning
WARNING: If a serviceability tool is not in use, please run with -Djdk.instrument.traceUsage for more information
WARNING: Dynamic loading of agents will be disallowed by default in a future release
]]></system-err>
  </testcase>
</testsuite>